<?xml version="1.0" encoding="UTF-8"?>
<!-- Generated by org.testng.reporters.JUnitReportReporter -->
<testsuite hostname="prajapati" name="org.jpwh.test.filtering.AuditLogging" tests="1" failures="0" timestamp="26 May 2020 11:51:43 GMT" time="0.170" errors="0">
  <testcase name="writeAuditLog" time="0.170" classname="org.jpwh.test.filtering.AuditLogging"/>
</testsuite> <!-- org.jpwh.test.filtering.AuditLogging -->
