<?xml version="1.0" encoding="UTF-8"?>
<!-- Generated by org.testng.reporters.JUnitReportReporter -->
<testsuite hostname="prajapati" name="org.jpwh.test.bulkbatch.BulkStatementsJPQL" tests="5" failures="0" timestamp="26 May 2020 11:51:43 GMT" time="1.036" errors="0">
  <testcase name="bulkDelete" time="0.191" classname="org.jpwh.test.bulkbatch.BulkStatementsJPQL"/>
  <testcase name="bulkUpdateInheritance" time="0.264" classname="org.jpwh.test.bulkbatch.BulkStatementsJPQL"/>
  <testcase name="bulkUpdateVersioned" time="0.187" classname="org.jpwh.test.bulkbatch.BulkStatementsJPQL"/>
  <testcase name="bulkInsert" time="0.201" classname="org.jpwh.test.bulkbatch.BulkStatementsJPQL"/>
  <testcase name="bulkUpdate" time="0.193" classname="org.jpwh.test.bulkbatch.BulkStatementsJPQL"/>
</testsuite> <!-- org.jpwh.test.bulkbatch.BulkStatementsJPQL -->
