<?xml version="1.0" encoding="UTF-8"?>
<!-- Generated by org.testng.reporters.JUnitReportReporter -->
<testsuite hostname="prajapati" name="org.jpwh.test.collections.SetOfStringsOrderBy" tests="1" failures="0" timestamp="26 May 2020 11:51:43 GMT" time="0.221" errors="0">
  <testcase name="storeLoadCollection" time="0.221" classname="org.jpwh.test.collections.SetOfStringsOrderBy"/>
</testsuite> <!-- org.jpwh.test.collections.SetOfStringsOrderBy -->
