<?xml version="1.0" encoding="UTF-8"?>
<!-- Generated by org.testng.reporters.JUnitReportReporter -->
<testsuite hostname="prajapati" name="org.jpwh.test.advanced.LazyProperties" tests="2" failures="0" timestamp="26 May 2020 11:51:43 GMT" time="0.292" errors="0">
  <testcase name="storeLoadLocator" time="0.146" classname="org.jpwh.test.advanced.LazyProperties"/>
  <testcase name="storeLoadProperties" time="0.146" classname="org.jpwh.test.advanced.LazyProperties"/>
</testsuite> <!-- org.jpwh.test.advanced.LazyProperties -->
