<?xml version="1.0" encoding="UTF-8"?>
<!-- Generated by org.testng.reporters.JUnitReportReporter -->
<testsuite hostname="prajapati" name="org.jpwh.test.querying.sql.HibernateSQLQueries" tests="2" failures="0" timestamp="26 May 2020 11:51:43 GMT" time="6.356" errors="0">
  <testcase name="executeRecursiveQueries" time="3.144" classname="org.jpwh.test.querying.sql.HibernateSQLQueries"/>
  <testcase name="executeQueries" time="3.212" classname="org.jpwh.test.querying.sql.HibernateSQLQueries"/>
</testsuite> <!-- org.jpwh.test.querying.sql.HibernateSQLQueries -->
