<?xml version="1.0" encoding="UTF-8"?>
<!-- Generated by org.testng.reporters.JUnitReportReporter -->
<testsuite hostname="prajapati" name="org.jpwh.test.bulkbatch.BatchInsertUpdate" tests="2" failures="0" timestamp="26 May 2020 11:51:43 GMT" time="12.733" errors="0">
  <testcase name="batchInsertUpdate" time="7.859" classname="org.jpwh.test.bulkbatch.BatchInsertUpdate"/>
  <testcase name="batchInsertUpdateWithStatelessSession" time="4.874" classname="org.jpwh.test.bulkbatch.BatchInsertUpdate"/>
</testsuite> <!-- org.jpwh.test.bulkbatch.BatchInsertUpdate -->
