<?xml version="1.0" encoding="UTF-8"?>
<!-- Generated by org.testng.reporters.JUnitReportReporter -->
<testsuite hostname="prajapati" name="org.jpwh.test.concurrency.Versioning" tests="3" failures="0" timestamp="26 May 2020 11:51:43 GMT" time="0.714" errors="0">
  <testcase name="manualVersionChecking" time="0.226" classname="org.jpwh.test.concurrency.Versioning"/>
  <testcase name="firstCommitWins" time="0.224" classname="org.jpwh.test.concurrency.Versioning"/>
  <testcase name="forceIncrement" time="0.264" classname="org.jpwh.test.concurrency.Versioning"/>
</testsuite> <!-- org.jpwh.test.concurrency.Versioning -->
