<?xml version="1.0" encoding="UTF-8"?>
<!-- Generated by org.testng.reporters.JUnitReportReporter -->
<testsuite hostname="prajapati" name="org.jpwh.test.simple.ModelOperations" tests="2" failures="0" timestamp="26 May 2020 11:51:43 GMT" time="0.019" errors="0">
  <testcase name="validateItem" time="0.019" classname="org.jpwh.test.simple.ModelOperations"/>
  <testcase name="linkBidAndItem" time="0.000" classname="org.jpwh.test.simple.ModelOperations"/>
</testsuite> <!-- org.jpwh.test.simple.ModelOperations -->
