<?xml version="1.0" encoding="UTF-8"?>
<!-- Generated by org.testng.reporters.JUnitReportReporter -->
<testsuite hostname="prajapati" name="org.jpwh.helloworld.HelloWorldHibernate" tests="1" failures="0" timestamp="26 May 2020 11:51:43 GMT" time="1.052" errors="0">
  <testcase name="storeLoadMessage" time="1.052" classname="org.jpwh.helloworld.HelloWorldHibernate"/>
</testsuite> <!-- org.jpwh.helloworld.HelloWorldHibernate -->
