<?xml version="1.0" encoding="UTF-8"?>
<!-- Generated by org.testng.reporters.JUnitReportReporter -->
<testsuite hostname="prajapati" name="org.jpwh.test.fetching.NPlusOneSelects" tests="2" failures="0" timestamp="26 May 2020 11:51:43 GMT" time="0.417" errors="0">
  <testcase name="fetchUsers" time="0.243" classname="org.jpwh.test.fetching.NPlusOneSelects"/>
  <testcase name="fetchBids" time="0.174" classname="org.jpwh.test.fetching.NPlusOneSelects"/>
</testsuite> <!-- org.jpwh.test.fetching.NPlusOneSelects -->
