<?xml version="1.0" encoding="UTF-8"?>
<!-- Generated by org.testng.reporters.JUnitReportReporter -->
<testsuite hostname="prajapati" name="org.jpwh.helloworld.HelloWorldJPA" tests="1" failures="0" timestamp="26 May 2020 11:51:43 GMT" time="0.443" errors="0">
  <testcase name="storeLoadMessage" time="0.443" classname="org.jpwh.helloworld.HelloWorldJPA"/>
</testsuite> <!-- org.jpwh.helloworld.HelloWorldJPA -->
