<?xml version="1.0" encoding="UTF-8"?>
<!-- Generated by org.testng.reporters.JUnitReportReporter -->
<testsuite hostname="prajapati" name="org.jpwh.test.simple.AccessJPAMetamodel" tests="3" failures="0" timestamp="26 May 2020 11:51:43 GMT" time="0.790" errors="0">
  <testcase name="accessStaticMetamodel" time="0.215" classname="org.jpwh.test.simple.AccessJPAMetamodel"/>
  <testcase name="queryStaticMetamodel" time="0.333" classname="org.jpwh.test.simple.AccessJPAMetamodel"/>
  <testcase name="accessDynamicMetamodel" time="0.242" classname="org.jpwh.test.simple.AccessJPAMetamodel"/>
</testsuite> <!-- org.jpwh.test.simple.AccessJPAMetamodel -->
