<?xml version="1.0" encoding="UTF-8"?>
<!-- Generated by org.testng.reporters.JUnitReportReporter -->
<testsuite hostname="prajapati" name="org.jpwh.test.simple.CRUDMetadataOverrideXML" tests="2" failures="0" timestamp="26 May 2020 11:51:43 GMT" time="1.322" errors="0">
  <testcase name="storeAndQueryItems" time="0.437" classname="org.jpwh.test.simple.CRUDMetadataOverrideXML"/>
  <testcase name="checkMetadataOverride" time="0.885" classname="org.jpwh.test.simple.CRUDMetadataOverrideXML"/>
</testsuite> <!-- org.jpwh.test.simple.CRUDMetadataOverrideXML -->
