<?xml version="1.0" encoding="UTF-8"?>
<!-- Generated by org.testng.reporters.JUnitReportReporter -->
<testsuite hostname="prajapati" name="org.jpwh.test.filtering.Callback" tests="1" failures="0" timestamp="26 May 2020 11:51:43 GMT" time="0.124" errors="0">
  <testcase name="notifyPostPersist" time="0.124" classname="org.jpwh.test.filtering.Callback"/>
</testsuite> <!-- org.jpwh.test.filtering.Callback -->
