<?xml version="1.0" encoding="UTF-8"?>
<!-- Generated by org.testng.reporters.JUnitReportReporter -->
<testsuite hostname="prajapati" name="org.jpwh.test.inheritance.SingleTable" tests="4" failures="0" timestamp="26 May 2020 11:51:43 GMT" time="0.583" errors="0">
  <testcase name="jdbcBillingDetailsSqlQuery" time="0.135" classname="org.jpwh.test.inheritance.SingleTable"/>
  <testcase name="storeLoadBillingDetails" time="0.175" classname="org.jpwh.test.inheritance.SingleTable"/>
  <testcase name="jdbcCreditCardSqlQuery" time="0.153" classname="org.jpwh.test.inheritance.SingleTable"/>
  <testcase name="storeBillingDetailsLoadCreditCards" time="0.120" classname="org.jpwh.test.inheritance.SingleTable"/>
</testsuite> <!-- org.jpwh.test.inheritance.SingleTable -->
