<?xml version="1.0" encoding="UTF-8"?>
<!-- Generated by org.testng.reporters.JUnitReportReporter -->
<testsuite hostname="prajapati" name="org.jpwh.test.concurrency.NonTransactional" tests="1" failures="0" timestamp="26 May 2020 11:51:43 GMT" time="0.148" errors="0">
  <testcase name="autoCommit" time="0.148" classname="org.jpwh.test.concurrency.NonTransactional"/>
</testsuite> <!-- org.jpwh.test.concurrency.NonTransactional -->
