<?xml version="1.0" encoding="UTF-8"?>
<!-- Generated by org.testng.reporters.JUnitReportReporter -->
<testsuite hostname="prajapati" name="org.jpwh.test.converter.Converters" tests="2" failures="0" timestamp="26 May 2020 11:51:43 GMT" time="0.384" errors="0">
  <testcase name="storeAndLoadZipcode" time="0.167" classname="org.jpwh.test.converter.Converters"/>
  <testcase name="storeLoadMonetaryAmount" time="0.217" classname="org.jpwh.test.converter.Converters"/>
</testsuite> <!-- org.jpwh.test.converter.Converters -->
