<?xml version="1.0" encoding="UTF-8"?>
<!-- Generated by org.testng.reporters.JUnitReportReporter -->
<testsuite hostname="prajapati" name="org.jpwh.test.inheritance.Embeddable" tests="1" failures="0" timestamp="26 May 2020 11:51:43 GMT" time="0.172" errors="0">
  <testcase name="storeAndLoad" time="0.172" classname="org.jpwh.test.inheritance.Embeddable"/>
</testsuite> <!-- org.jpwh.test.inheritance.Embeddable -->
