<?xml version="1.0" encoding="UTF-8"?>
<!-- Generated by org.testng.reporters.JUnitReportReporter -->
<testsuite hostname="prajapati" name="org.jpwh.test.collections.SetOfEmbeddables" tests="1" failures="0" timestamp="26 May 2020 11:51:43 GMT" time="0.180" errors="0">
  <testcase name="storeLoadCollection" time="0.180" classname="org.jpwh.test.collections.SetOfEmbeddables"/>
</testsuite> <!-- org.jpwh.test.collections.SetOfEmbeddables -->
