<?xml version="1.0" encoding="UTF-8"?>
<!-- Generated by org.testng.reporters.JUnitReportReporter -->
<testsuite hostname="prajapati" name="org.jpwh.test.associations.OneToManyCascadePersist" tests="1" failures="0" timestamp="26 May 2020 11:51:43 GMT" time="0.162" errors="0">
  <testcase name="storeAndLoadItemBids" time="0.162" classname="org.jpwh.test.associations.OneToManyCascadePersist"/>
</testsuite> <!-- org.jpwh.test.associations.OneToManyCascadePersist -->
