<?xml version="1.0" encoding="UTF-8"?>
<!-- Generated by org.testng.reporters.JUnitReportReporter -->
<testsuite hostname="prajapati" name="org.jpwh.test.querying.criteria.Projection" tests="2" failures="0" timestamp="26 May 2020 11:51:43 GMT" time="6.906" errors="0">
  <testcase name="executeQueriesWithFunctions" time="3.467" classname="org.jpwh.test.querying.criteria.Projection"/>
  <testcase name="executeQueries" time="3.439" classname="org.jpwh.test.querying.criteria.Projection"/>
</testsuite> <!-- org.jpwh.test.querying.criteria.Projection -->
