<?xml version="1.0" encoding="UTF-8"?>
<!-- Generated by org.testng.reporters.JUnitReportReporter -->
<testsuite hostname="prajapati" name="org.jpwh.test.inheritance.Joined" tests="4" failures="0" timestamp="26 May 2020 11:51:43 GMT" time="0.948" errors="0">
  <testcase name="jdbcBillingDetailsSqlQuery" time="0.229" classname="org.jpwh.test.inheritance.Joined"/>
  <testcase name="storeBillingDetailsLoadCreditCards" time="0.206" classname="org.jpwh.test.inheritance.Joined"/>
  <testcase name="storeLoadBillingDetails" time="0.182" classname="org.jpwh.test.inheritance.Joined"/>
  <testcase name="jdbcCreditCardSqlQuery" time="0.331" classname="org.jpwh.test.inheritance.Joined"/>
</testsuite> <!-- org.jpwh.test.inheritance.Joined -->
