<?xml version="1.0" encoding="UTF-8"?>
<!-- Generated by org.testng.reporters.JUnitReportReporter -->
<testsuite hostname="prajapati" name="org.jpwh.test.inheritance.Mixed" tests="3" failures="0" timestamp="26 May 2020 11:51:43 GMT" time="0.670" errors="0">
  <testcase name="storeLoadBillingDetails" time="0.217" classname="org.jpwh.test.inheritance.Mixed"/>
  <testcase name="storeBillingDetailsLoadCreditCards" time="0.270" classname="org.jpwh.test.inheritance.Mixed"/>
  <testcase name="jdbcBillingDetailsSqlQuery" time="0.183" classname="org.jpwh.test.inheritance.Mixed"/>
</testsuite> <!-- org.jpwh.test.inheritance.Mixed -->
