<?xml version="1.0" encoding="UTF-8"?>
<!-- Generated by org.testng.reporters.JUnitReportReporter -->
<testsuite hostname="prajapati" name="org.jpwh.test.complexschemas.CustomSchema" tests="7" failures="0" timestamp="26 May 2020 11:51:43 GMT" time="1.187" errors="0">
  <testcase name="storeLoadCheckSubselectValid" time="0.201" classname="org.jpwh.test.complexschemas.CustomSchema"/>
  <testcase name="storeLoadDomainInvalid" time="0.170" classname="org.jpwh.test.complexschemas.CustomSchema"/>
  <testcase name="configurePersistenceUnit" time="0.129" classname="org.jpwh.test.complexschemas.CustomSchema"/>
  <testcase name="storeLoadCheckColumnInvalid" time="0.162" classname="org.jpwh.test.complexschemas.CustomSchema"/>
  <testcase name="storeLoadUniqueMultiColumnValid" time="0.160" classname="org.jpwh.test.complexschemas.CustomSchema"/>
  <testcase name="storeLoadValid" time="0.202" classname="org.jpwh.test.complexschemas.CustomSchema"/>
  <testcase name="storeLoadCheckSingleRowInvalid" time="0.163" classname="org.jpwh.test.complexschemas.CustomSchema"/>
</testsuite> <!-- org.jpwh.test.complexschemas.CustomSchema -->
