<?xml version="1.0" encoding="UTF-8"?>
<!-- Generated by org.testng.reporters.JUnitReportReporter -->
<testsuite hostname="prajapati" name="org.jpwh.test.fetching.EagerQuery" tests="2" failures="0" timestamp="26 May 2020 11:51:43 GMT" time="0.600" errors="0">
  <testcase name="fetchBids" time="0.207" classname="org.jpwh.test.fetching.EagerQuery"/>
  <testcase name="fetchUsers" time="0.393" classname="org.jpwh.test.fetching.EagerQuery"/>
</testsuite> <!-- org.jpwh.test.fetching.EagerQuery -->
