<?xml version="1.0" encoding="UTF-8"?>
<!-- Generated by org.testng.reporters.JUnitReportReporter -->
<testsuite hostname="prajapati" name="org.jpwh.test.fetching.Subselect" tests="1" failures="0" timestamp="26 May 2020 11:51:43 GMT" time="0.132" errors="0">
  <testcase name="fetchCollectionSubselect" time="0.132" classname="org.jpwh.test.fetching.Subselect"/>
</testsuite> <!-- org.jpwh.test.fetching.Subselect -->
