<?xml version="1.0" encoding="UTF-8"?>
<!-- Generated by org.testng.reporters.JUnitReportReporter -->
<testsuite hostname="prajapati" name="org.jpwh.test.fetching.FetchLoadGraph" tests="4" failures="0" timestamp="26 May 2020 11:51:43 GMT" time="0.723" errors="0">
  <testcase name="loadBidBidderItem" time="0.179" classname="org.jpwh.test.fetching.FetchLoadGraph"/>
  <testcase name="loadBidBidderItemSellerBids" time="0.182" classname="org.jpwh.test.fetching.FetchLoadGraph"/>
  <testcase name="loadItem" time="0.171" classname="org.jpwh.test.fetching.FetchLoadGraph"/>
  <testcase name="loadItemSeller" time="0.191" classname="org.jpwh.test.fetching.FetchLoadGraph"/>
</testsuite> <!-- org.jpwh.test.fetching.FetchLoadGraph -->
