<?xml version="1.0" encoding="UTF-8"?>
<!-- Generated by org.testng.reporters.JUnitReportReporter -->
<testsuite hostname="prajapati" name="org.jpwh.test.advanced.DerivedProperties" tests="2" failures="0" timestamp="26 May 2020 11:51:43 GMT" time="0.383" errors="0">
  <testcase name="storeLoadFormula" time="0.188" classname="org.jpwh.test.advanced.DerivedProperties"/>
  <testcase name="storeLoadFormulaSubselect" time="0.195" classname="org.jpwh.test.advanced.DerivedProperties"/>
</testsuite> <!-- org.jpwh.test.advanced.DerivedProperties -->
