<?xml version="1.0" encoding="UTF-8"?>
<!-- Generated by org.testng.reporters.JUnitReportReporter -->
<testsuite hostname="prajapati" name="org.jpwh.test.filtering.DynamicFilter" tests="2" failures="0" timestamp="26 May 2020 11:51:43 GMT" time="1.297" errors="0">
  <testcase name="filterItems" time="1.116" classname="org.jpwh.test.filtering.DynamicFilter"/>
  <testcase name="filterCollection" time="0.181" classname="org.jpwh.test.filtering.DynamicFilter"/>
</testsuite> <!-- org.jpwh.test.filtering.DynamicFilter -->
