<?xml version="1.0" encoding="UTF-8"?>
<!-- Generated by org.testng.reporters.JUnitReportReporter -->
<testsuite hostname="prajapati" name="org.jpwh.test.querying.criteria.Restriction" tests="2" failures="0" timestamp="26 May 2020 11:51:43 GMT" time="6.103" errors="0">
  <testcase name="executeQueriesWithFunctions" time="2.935" classname="org.jpwh.test.querying.criteria.Restriction"/>
  <testcase name="executeQueries" time="3.168" classname="org.jpwh.test.querying.criteria.Restriction"/>
</testsuite> <!-- org.jpwh.test.querying.criteria.Restriction -->
