<?xml version="1.0" encoding="UTF-8"?>
<!-- Generated by org.testng.reporters.JUnitReportReporter -->
<testsuite hostname="prajapati" name="org.jpwh.test.fetching.LazyInterception" tests="2" failures="0" timestamp="26 May 2020 11:51:43 GMT" time="0.346" errors="0">
  <testcase name="noUserProxy" time="0.192" classname="org.jpwh.test.fetching.LazyInterception"/>
  <testcase name="lazyBasic" time="0.154" classname="org.jpwh.test.fetching.LazyInterception"/>
</testsuite> <!-- org.jpwh.test.fetching.LazyInterception -->
