<?xml version="1.0" encoding="UTF-8"?>
<!-- Generated by org.testng.reporters.JUnitReportReporter -->
<testsuite hostname="prajapati" name="org.jpwh.test.conversation.Detached" tests="1" failures="0" timestamp="26 May 2020 11:51:43 GMT" time="0.127" errors="0">
  <testcase name="businessKeyEquality" time="0.127" classname="org.jpwh.test.conversation.Detached"/>
</testsuite> <!-- org.jpwh.test.conversation.Detached -->
