<?xml version="1.0" encoding="UTF-8"?>
<!-- Generated by org.testng.reporters.JUnitReportReporter -->
<testsuite hostname="prajapati" name="org.jpwh.test.simple.MappingEmbeddables" tests="2" failures="0" timestamp="26 May 2020 11:51:43 GMT" time="0.502" errors="0">
  <testcase name="storeAndLoadUsers" time="0.234" classname="org.jpwh.test.simple.MappingEmbeddables"/>
  <testcase name="storeAndLoadInvalidUsers" time="0.268" classname="org.jpwh.test.simple.MappingEmbeddables"/>
</testsuite> <!-- org.jpwh.test.simple.MappingEmbeddables -->
