<?xml version="1.0" encoding="UTF-8"?>
<!-- Generated by org.testng.reporters.JUnitReportReporter -->
<testsuite hostname="prajapati" name="org.jpwh.test.associations.OneToOneForeignGenerator" tests="1" failures="0" timestamp="26 May 2020 11:51:43 GMT" time="0.201" errors="0">
  <testcase name="storeAndLoadUserAddress" time="0.201" classname="org.jpwh.test.associations.OneToOneForeignGenerator"/>
</testsuite> <!-- org.jpwh.test.associations.OneToOneForeignGenerator -->
