<?xml version="1.0" encoding="UTF-8"?>
<!-- Generated by org.testng.reporters.JUnitReportReporter -->
<testsuite hostname="prajapati" name="org.jpwh.test.associations.OneToManyCascadeRemove" tests="1" failures="0" timestamp="26 May 2020 11:51:43 GMT" time="0.220" errors="0">
  <testcase name="storeAndLoadItemBids" time="0.220" classname="org.jpwh.test.associations.OneToManyCascadeRemove"/>
</testsuite> <!-- org.jpwh.test.associations.OneToManyCascadeRemove -->
