<?xml version="1.0" encoding="UTF-8"?>
<!-- Generated by org.testng.reporters.JUnitReportReporter -->
<testsuite hostname="prajapati" name="org.jpwh.test.querying.jpql.Restriction" tests="2" failures="0" timestamp="26 May 2020 11:51:43 GMT" time="6.026" errors="0">
  <testcase name="executeQueriesWithFunctions" time="3.011" classname="org.jpwh.test.querying.jpql.Restriction"/>
  <testcase name="executeQueries" time="3.015" classname="org.jpwh.test.querying.jpql.Restriction"/>
</testsuite> <!-- org.jpwh.test.querying.jpql.Restriction -->
