<?xml version="1.0" encoding="UTF-8"?>
<!-- Generated by org.testng.reporters.JUnitReportReporter -->
<testsuite hostname="prajapati" name="org.jpwh.test.associations.ManyToManyTernary" tests="1" failures="0" timestamp="26 May 2020 11:51:43 GMT" time="0.188" errors="0">
  <testcase name="storeLoadCategoryItems" time="0.188" classname="org.jpwh.test.associations.ManyToManyTernary"/>
</testsuite> <!-- org.jpwh.test.associations.ManyToManyTernary -->
