<?xml version="1.0" encoding="UTF-8"?>
<!-- Generated by org.testng.reporters.JUnitReportReporter -->
<testsuite hostname="prajapati" name="org.jpwh.test.querying.sql.NativeQueries" tests="2" failures="0" timestamp="26 May 2020 11:51:43 GMT" time="7.033" errors="0">
  <testcase name="executeRecursiveQueries" time="3.750" classname="org.jpwh.test.querying.sql.NativeQueries"/>
  <testcase name="executeQueries" time="3.283" classname="org.jpwh.test.querying.sql.NativeQueries"/>
</testsuite> <!-- org.jpwh.test.querying.sql.NativeQueries -->
