<?xml version="1.0" encoding="UTF-8"?>
<!-- Generated by org.testng.reporters.JUnitReportReporter -->
<testsuite hostname="prajapati" name="org.jpwh.test.querying.advanced.HibernateCriteria" tests="2" failures="0" timestamp="26 May 2020 11:51:43 GMT" time="8.777" errors="0">
  <testcase name="foo" time="5.592" classname="org.jpwh.test.querying.advanced.HibernateCriteria"/>
  <testcase name="executeQueries" time="3.185" classname="org.jpwh.test.querying.advanced.HibernateCriteria"/>
</testsuite> <!-- org.jpwh.test.querying.advanced.HibernateCriteria -->
