<?xml version="1.0" encoding="UTF-8"?>
<!-- Generated by org.testng.reporters.JUnitReportReporter -->
<testsuite hostname="prajapati" name="org.jpwh.test.associations.OneToOneJoinTable" tests="2" failures="0" timestamp="26 May 2020 11:51:43 GMT" time="0.403" errors="0">
  <testcase name="storeAndLoadUserAddress" time="0.169" classname="org.jpwh.test.associations.OneToOneJoinTable"/>
  <testcase name="storeNonUniqueRelationship" time="0.234" classname="org.jpwh.test.associations.OneToOneJoinTable"/>
</testsuite> <!-- org.jpwh.test.associations.OneToOneJoinTable -->
