<?xml version="1.0" encoding="UTF-8"?>
<!-- Generated by org.testng.reporters.JUnitReportReporter -->
<testsuite hostname="prajapati" name="org.jpwh.test.concurrency.VersioningAll" tests="1" failures="0" timestamp="26 May 2020 11:51:43 GMT" time="0.177" errors="0">
  <testcase name="firstCommitWins" time="0.177" classname="org.jpwh.test.concurrency.VersioningAll"/>
</testsuite> <!-- org.jpwh.test.concurrency.VersioningAll -->
