<?xml version="1.0" encoding="UTF-8"?>
<!-- Generated by org.testng.reporters.JUnitReportReporter -->
<testsuite hostname="prajapati" name="org.jpwh.test.inheritance.PolymorphicOneToMany" tests="1" failures="0" timestamp="26 May 2020 11:51:43 GMT" time="0.270" errors="0">
  <testcase name="storeAndLoadItemBids" time="0.270" classname="org.jpwh.test.inheritance.PolymorphicOneToMany"/>
</testsuite> <!-- org.jpwh.test.inheritance.PolymorphicOneToMany -->
