<?xml version="1.0" encoding="UTF-8"?>
<!-- Generated by org.testng.reporters.JUnitReportReporter -->
<testsuite hostname="prajapati" name="org.jpwh.test.fetching.EagerSelect" tests="1" failures="0" timestamp="26 May 2020 11:51:43 GMT" time="0.231" errors="0">
  <testcase name="fetchEagerSelect" time="0.231" classname="org.jpwh.test.fetching.EagerSelect"/>
</testsuite> <!-- org.jpwh.test.fetching.EagerSelect -->
