<?xml version="1.0" encoding="UTF-8"?>
<!-- Generated by org.testng.reporters.JUnitReportReporter -->
<testsuite hostname="prajapati" name="org.jpwh.test.inheritance.TablePerClass" tests="3" failures="0" timestamp="26 May 2020 11:51:43 GMT" time="0.687" errors="0">
  <testcase name="jdbcBillingDetailsSqlQuery" time="0.232" classname="org.jpwh.test.inheritance.TablePerClass"/>
  <testcase name="storeLoadBillingDetails" time="0.201" classname="org.jpwh.test.inheritance.TablePerClass"/>
  <testcase name="storeBillingDetailsLoadCreditCards" time="0.254" classname="org.jpwh.test.inheritance.TablePerClass"/>
</testsuite> <!-- org.jpwh.test.inheritance.TablePerClass -->
