<?xml version="1.0" encoding="UTF-8"?>
<!-- Generated by org.testng.reporters.JUnitReportReporter -->
<testsuite hostname="prajapati" name="org.jpwh.test.fetching.ReadOnly" tests="2" failures="0" timestamp="26 May 2020 11:51:43 GMT" time="0.392" errors="0">
  <testcase name="immutableEntity" time="0.217" classname="org.jpwh.test.fetching.ReadOnly"/>
  <testcase name="selectiveReadOnly" time="0.175" classname="org.jpwh.test.fetching.ReadOnly"/>
</testsuite> <!-- org.jpwh.test.fetching.ReadOnly -->
