<?xml version="1.0" encoding="UTF-8"?>
<!-- Generated by org.testng.reporters.JUnitReportReporter -->
<testsuite hostname="prajapati" name="org.jpwh.test.querying.jpql.Projection" tests="2" failures="0" timestamp="26 May 2020 11:51:43 GMT" time="6.030" errors="0">
  <testcase name="executeQueries" time="2.988" classname="org.jpwh.test.querying.jpql.Projection"/>
  <testcase name="executeQueriesWithFunctions" time="3.042" classname="org.jpwh.test.querying.jpql.Projection"/>
</testsuite> <!-- org.jpwh.test.querying.jpql.Projection -->
