<?xml version="1.0" encoding="UTF-8"?>
<!-- Generated by org.testng.reporters.JUnitReportReporter -->
<testsuite hostname="prajapati" name="org.jpwh.test.inheritance.MixedFetchSelect" tests="3" failures="0" timestamp="26 May 2020 11:51:43 GMT" time="1.676" errors="0">
  <testcase name="storeBillingDetailsLoadCreditCards" time="0.512" classname="org.jpwh.test.inheritance.MixedFetchSelect"/>
  <testcase name="storeLoadBillingDetails" time="0.717" classname="org.jpwh.test.inheritance.MixedFetchSelect"/>
  <testcase name="jdbcBillingDetailsSqlQuery" time="0.447" classname="org.jpwh.test.inheritance.MixedFetchSelect"/>
</testsuite> <!-- org.jpwh.test.inheritance.MixedFetchSelect -->
