<?xml version="1.0" encoding="UTF-8"?>
<!-- Generated by org.testng.reporters.JUnitReportReporter -->
<testsuite hostname="prajapati" name="org.jpwh.test.querying.advanced.FilterCollections" tests="1" failures="0" timestamp="26 May 2020 11:51:43 GMT" time="2.972" errors="0">
  <testcase name="executeQueries" time="2.972" classname="org.jpwh.test.querying.advanced.FilterCollections"/>
</testsuite> <!-- org.jpwh.test.querying.advanced.FilterCollections -->
