<?xml version="1.0" encoding="UTF-8"?>
<!-- Generated by org.testng.reporters.JUnitReportReporter -->
<testsuite hostname="prajapati" name="org.jpwh.test.advanced.AccessType" tests="1" failures="0" timestamp="26 May 2020 11:51:43 GMT" time="0.145" errors="0">
  <testcase name="storeLoadAccessType" time="0.145" classname="org.jpwh.test.advanced.AccessType"/>
</testsuite> <!-- org.jpwh.test.advanced.AccessType -->
