<?xml version="1.0" encoding="UTF-8"?>
<!-- Generated by org.testng.reporters.JUnitReportReporter -->
<testsuite hostname="prajapati" name="org.jpwh.test.customsql.CustomSQL" tests="4" failures="0" timestamp="26 May 2020 11:51:43 GMT" time="4.159" errors="0">
  <testcase name="readRestrictedCollection" time="1.117" classname="org.jpwh.test.customsql.CustomSQL"/>
  <testcase name="delete" time="1.025" classname="org.jpwh.test.customsql.CustomSQL"/>
  <testcase name="read" time="1.052" classname="org.jpwh.test.customsql.CustomSQL"/>
  <testcase name="update" time="0.965" classname="org.jpwh.test.customsql.CustomSQL"/>
</testsuite> <!-- org.jpwh.test.customsql.CustomSQL -->
