<?xml version="1.0" encoding="UTF-8"?>
<!-- Generated by org.testng.reporters.JUnitReportReporter -->
<testsuite hostname="prajapati" name="org.jpwh.test.cache.SecondLevel" tests="5" failures="0" timestamp="26 May 2020 11:51:43 GMT" time="1.233" errors="0">
  <testcase name="cacheBehavior" time="0.332" classname="org.jpwh.test.cache.SecondLevel"/>
  <testcase name="cacheModes" time="0.231" classname="org.jpwh.test.cache.SecondLevel"/>
  <testcase name="cacheNaturalId" time="0.313" classname="org.jpwh.test.cache.SecondLevel"/>
  <testcase name="cacheControl" time="0.194" classname="org.jpwh.test.cache.SecondLevel"/>
  <testcase name="cacheQueryResults" time="0.163" classname="org.jpwh.test.cache.SecondLevel"/>
</testsuite> <!-- org.jpwh.test.cache.SecondLevel -->
