<?xml version="1.0" encoding="UTF-8"?>
<!-- Generated by org.testng.reporters.JUnitReportReporter -->
<testsuite hostname="prajapati" name="org.jpwh.test.simple.CRUD" tests="1" failures="0" timestamp="26 May 2020 11:51:43 GMT" time="0.218" errors="0">
  <testcase name="storeAndQueryItems" time="0.218" classname="org.jpwh.test.simple.CRUD"/>
</testsuite> <!-- org.jpwh.test.simple.CRUD -->
