<?xml version="1.0" encoding="UTF-8"?>
<!-- Generated by org.testng.reporters.JUnitReportReporter -->
<testsuite hostname="prajapati" name="org.jpwh.test.associations.OneToOneForeignKey" tests="2" failures="0" timestamp="26 May 2020 11:51:43 GMT" time="0.253" errors="0">
  <testcase name="storeAndLoadUserAddress" time="0.133" classname="org.jpwh.test.associations.OneToOneForeignKey"/>
  <testcase name="storeNonUniqueRelationship" time="0.120" classname="org.jpwh.test.associations.OneToOneForeignKey"/>
</testsuite> <!-- org.jpwh.test.associations.OneToOneForeignKey -->
