<?xml version="1.0" encoding="UTF-8"?>
<!-- Generated by org.testng.reporters.JUnitReportReporter -->
<testsuite hostname="prajapati" name="org.jpwh.test.simple.SimpleTransitions" tests="11" failures="0" timestamp="26 May 2020 11:51:43 GMT" time="3.045" errors="0">
  <testcase name="basicUOW" time="0.234" classname="org.jpwh.test.simple.SimpleTransitions"/>
  <testcase name="mergeDetached" time="0.250" classname="org.jpwh.test.simple.SimpleTransitions"/>
  <testcase name="makePersistent" time="0.276" classname="org.jpwh.test.simple.SimpleTransitions"/>
  <testcase name="retrievePersistent" time="0.344" classname="org.jpwh.test.simple.SimpleTransitions"/>
  <testcase name="scopeOfIdentity" time="0.330" classname="org.jpwh.test.simple.SimpleTransitions"/>
  <testcase name="flushModeType" time="0.249" classname="org.jpwh.test.simple.SimpleTransitions"/>
  <testcase name="retrievePersistentReference" time="0.265" classname="org.jpwh.test.simple.SimpleTransitions"/>
  <testcase name="refresh" time="0.301" classname="org.jpwh.test.simple.SimpleTransitions"/>
  <testcase name="detach" time="0.302" classname="org.jpwh.test.simple.SimpleTransitions"/>
  <testcase name="replicate" time="0.284" classname="org.jpwh.test.simple.SimpleTransitions"/>
  <testcase name="makeTransient" time="0.210" classname="org.jpwh.test.simple.SimpleTransitions"/>
</testsuite> <!-- org.jpwh.test.simple.SimpleTransitions -->
