<?xml version="1.0" encoding="UTF-8"?>
<!-- Generated by org.testng.reporters.JUnitReportReporter -->
<testsuite hostname="prajapati" name="org.jpwh.test.advanced.Enum" tests="1" failures="0" timestamp="26 May 2020 11:51:43 GMT" time="0.134" errors="0">
  <testcase name="storeLoadEnum" time="0.134" classname="org.jpwh.test.advanced.Enum"/>
</testsuite> <!-- org.jpwh.test.advanced.Enum -->
