<?xml version="1.0" encoding="UTF-8"?>
<!-- Generated by org.testng.reporters.JUnitReportReporter -->
<testsuite hostname="prajapati" name="org.jpwh.test.fetching.LazyProxyCollections" tests="2" failures="0" timestamp="26 May 2020 11:51:43 GMT" time="0.586" errors="0">
  <testcase name="lazyEntityProxies" time="0.254" classname="org.jpwh.test.fetching.LazyProxyCollections"/>
  <testcase name="lazyCollections" time="0.332" classname="org.jpwh.test.fetching.LazyProxyCollections"/>
</testsuite> <!-- org.jpwh.test.fetching.LazyProxyCollections -->
