<?xml version="1.0" encoding="UTF-8"?>
<!-- Generated by org.testng.reporters.JUnitReportReporter -->
<testsuite hostname="prajapati" name="org.jpwh.test.advanced.GeneratedProperties" tests="2" failures="0" timestamp="26 May 2020 11:51:43 GMT" time="0.634" errors="0">
  <testcase name="storeLoadLastModified" time="0.219" classname="org.jpwh.test.advanced.GeneratedProperties"/>
  <testcase name="storeLoadInitialPrice" time="0.415" classname="org.jpwh.test.advanced.GeneratedProperties"/>
</testsuite> <!-- org.jpwh.test.advanced.GeneratedProperties -->
