<?xml version="1.0" encoding="UTF-8"?>
<!-- Generated by org.testng.reporters.JUnitReportReporter -->
<testsuite hostname="prajapati" name="org.jpwh.test.concurrency.Locking" tests="6" failures="0" timestamp="26 May 2020 11:51:43 GMT" time="3.386" errors="0">
  <testcase name="manualVersionChecking" time="0.243" classname="org.jpwh.test.concurrency.Locking"/>
  <testcase name="firstCommitWins" time="0.218" classname="org.jpwh.test.concurrency.Locking"/>
  <testcase name="findLock" time="0.240" classname="org.jpwh.test.concurrency.Locking"/>
  <testcase name="extendedLock" time="0.138" classname="org.jpwh.test.concurrency.Locking"/>
  <testcase name="pessimisticReadWrite" time="2.338" classname="org.jpwh.test.concurrency.Locking"/>
  <testcase name="forceIncrement" time="0.209" classname="org.jpwh.test.concurrency.Locking"/>
</testsuite> <!-- org.jpwh.test.concurrency.Locking -->
