<?xml version="1.0" encoding="UTF-8"?>
<!-- Generated by org.testng.reporters.JUnitReportReporter -->
<testsuite hostname="prajapati" name="org.jpwh.test.simple.CRUDMetadataHBMXML" tests="1" failures="0" timestamp="26 May 2020 11:51:43 GMT" time="1.208" errors="0">
  <testcase name="storeAndQueryItems" time="1.208" classname="org.jpwh.test.simple.CRUDMetadataHBMXML"/>
</testsuite> <!-- org.jpwh.test.simple.CRUDMetadataHBMXML -->
