<?xml version="1.0" encoding="UTF-8"?>
<!-- Generated by org.testng.reporters.JUnitReportReporter -->
<testsuite hostname="prajapati" name="org.jpwh.test.querying.CreateExecuteQueries" tests="9" failures="0" timestamp="26 May 2020 11:51:43 GMT" time="30.158" errors="0">
  <testcase name="executeQueries" time="3.220" classname="org.jpwh.test.querying.CreateExecuteQueries"/>
  <testcase name="namedQueries" time="3.363" classname="org.jpwh.test.querying.CreateExecuteQueries"/>
  <testcase name="createTypedQueries" time="3.894" classname="org.jpwh.test.querying.CreateExecuteQueries"/>
  <testcase name="createNamedQueries" time="3.271" classname="org.jpwh.test.querying.CreateExecuteQueries"/>
  <testcase name="queryHints" time="3.327" classname="org.jpwh.test.querying.CreateExecuteQueries"/>
  <testcase name="createHibernateQueries" time="3.230" classname="org.jpwh.test.querying.CreateExecuteQueries"/>
  <testcase name="parameterBinding" time="3.216" classname="org.jpwh.test.querying.CreateExecuteQueries"/>
  <testcase name="createQueries" time="3.418" classname="org.jpwh.test.querying.CreateExecuteQueries"/>
  <testcase name="pagination" time="3.219" classname="org.jpwh.test.querying.CreateExecuteQueries"/>
</testsuite> <!-- org.jpwh.test.querying.CreateExecuteQueries -->
