<?xml version="1.0" encoding="UTF-8"?>
<!-- Generated by org.testng.reporters.JUnitReportReporter -->
<testsuite hostname="prajapati" name="org.jpwh.test.conversation.ExtendedPC" tests="2" failures="0" timestamp="26 May 2020 11:51:43 GMT" time="0.415" errors="0">
  <testcase name="conversationCreateItem" time="0.200" classname="org.jpwh.test.conversation.ExtendedPC"/>
  <testcase name="conversationEditItem" time="0.215" classname="org.jpwh.test.conversation.ExtendedPC"/>
</testsuite> <!-- org.jpwh.test.conversation.ExtendedPC -->
