<?xml version="1.0" encoding="UTF-8"?>
<!-- Generated by org.testng.reporters.JUnitReportReporter -->
<testsuite hostname="prajapati" name="org.jpwh.test.inheritance.MappedSuperclass" tests="4" failures="0" timestamp="26 May 2020 11:51:43 GMT" time="0.585" errors="0">
  <testcase name="storeLoadBillingDetails" time="0.140" classname="org.jpwh.test.inheritance.MappedSuperclass"/>
  <testcase name="jdbcSqlQueryBankAccount" time="0.129" classname="org.jpwh.test.inheritance.MappedSuperclass"/>
  <testcase name="storeBillingDetailsLoadCreditCards" time="0.158" classname="org.jpwh.test.inheritance.MappedSuperclass"/>
  <testcase name="jdbcSqlQueryCreditCard" time="0.158" classname="org.jpwh.test.inheritance.MappedSuperclass"/>
</testsuite> <!-- org.jpwh.test.inheritance.MappedSuperclass -->
