<?xml version="1.0" encoding="UTF-8"?>
<!-- Generated by org.testng.reporters.JUnitReportReporter -->
<testsuite hostname="prajapati" name="org.jpwh.test.advanced.NestedComponents" tests="1" failures="0" timestamp="26 May 2020 11:51:43 GMT" time="0.752" errors="0">
  <testcase name="storeAndLoadUsers" time="0.752" classname="org.jpwh.test.advanced.NestedComponents"/>
</testsuite> <!-- org.jpwh.test.advanced.NestedComponents -->
