<?xml version="1.0" encoding="UTF-8"?>
<!-- Generated by org.testng.reporters.JUnitReportReporter -->
<testsuite hostname="prajapati" name="org.jpwh.test.bulkbatch.BulkStatementsSQL" tests="2" failures="0" timestamp="26 May 2020 11:51:43 GMT" time="0.438" errors="0">
  <testcase name="bulkUpdate" time="0.302" classname="org.jpwh.test.bulkbatch.BulkStatementsSQL"/>
  <testcase name="bulkUpdateHibernate" time="0.136" classname="org.jpwh.test.bulkbatch.BulkStatementsSQL"/>
</testsuite> <!-- org.jpwh.test.bulkbatch.BulkStatementsSQL -->
