<?xml version="1.0" encoding="UTF-8"?>
<!-- Generated by org.testng.reporters.JUnitReportReporter -->
<testsuite hostname="prajapati" name="org.jpwh.test.complexschemas.CompositeKeyManyToOne" tests="1" failures="0" timestamp="26 May 2020 11:51:43 GMT" time="0.225" errors="0">
  <testcase name="storeLoad" time="0.225" classname="org.jpwh.test.complexschemas.CompositeKeyManyToOne"/>
</testsuite> <!-- org.jpwh.test.complexschemas.CompositeKeyManyToOne -->
