<?xml version="1.0" encoding="UTF-8"?>
<!-- Generated by org.testng.reporters.JUnitReportReporter -->
<testsuite hostname="prajapati" name="org.jpwh.test.querying.criteria.Selection" tests="1" failures="0" timestamp="26 May 2020 11:51:43 GMT" time="2.867" errors="0">
  <testcase name="executeQueries" time="2.867" classname="org.jpwh.test.querying.criteria.Selection"/>
</testsuite> <!-- org.jpwh.test.querying.criteria.Selection -->
