<?xml version="1.0" encoding="UTF-8"?>
<!-- Generated by org.testng.reporters.JUnitReportReporter -->
<testsuite hostname="prajapati" name="org.jpwh.test.bulkbatch.BulkStatementsCriteria" tests="3" failures="0" timestamp="26 May 2020 11:51:43 GMT" time="0.835" errors="0">
  <testcase name="bulkUpdate" time="0.367" classname="org.jpwh.test.bulkbatch.BulkStatementsCriteria"/>
  <testcase name="bulkUpdateVersioned" time="0.242" classname="org.jpwh.test.bulkbatch.BulkStatementsCriteria"/>
  <testcase name="bulkDelete" time="0.226" classname="org.jpwh.test.bulkbatch.BulkStatementsCriteria"/>
</testsuite> <!-- org.jpwh.test.bulkbatch.BulkStatementsCriteria -->
