<?xml version="1.0" encoding="UTF-8"?>
<!-- Generated by org.testng.reporters.JUnitReportReporter -->
<testsuite hostname="prajapati" name="org.jpwh.test.filtering.Cascade" tests="3" failures="0" timestamp="26 May 2020 11:51:43 GMT" time="0.708" errors="0">
  <testcase name="detachMerge" time="0.202" classname="org.jpwh.test.filtering.Cascade"/>
  <testcase name="refresh" time="0.296" classname="org.jpwh.test.filtering.Cascade"/>
  <testcase name="replicate" time="0.210" classname="org.jpwh.test.filtering.Cascade"/>
</testsuite> <!-- org.jpwh.test.filtering.Cascade -->
